<?xml version="1.0" encoding="UTF-8"?>
<testsuite name="de.grafelhaft.polygoncalc.model.PolygonTest" tests="4" skipped="0" failures="0" errors="0" timestamp="2020-09-22T15:57:33" hostname="RED-DEVIL" time="0.0">
  <properties/>
  <testcase name="centroid" classname="de.grafelhaft.polygoncalc.model.PolygonTest" time="0.0"/>
  <testcase name="contains" classname="de.grafelhaft.polygoncalc.model.PolygonTest" time="0.0"/>
  <testcase name="area" classname="de.grafelhaft.polygoncalc.model.PolygonTest" time="0.0"/>
  <testcase name="scale" classname="de.grafelhaft.polygoncalc.model.PolygonTest" time="0.0"/>
  <system-out><![CDATA[]]></system-out>
  <system-err><![CDATA[]]></system-err>
</testsuite>
